<?xml version="1.0" encoding="UTF-8"?>
<!-- Generated by org.testng.reporters.JUnitReportReporter -->
<testsuite hostname="DESKTOP-G4QHCGN" failures="0" tests="4" name="DataBaseTesting.DataBaseTesting.AppTest" time="0.153" errors="0" timestamp="2025-05-09T10:18:27 EET" skipped="0">
  <testcase classname="DataBaseTesting.DataBaseTesting.AppTest" name="AddDataToMyDataBase" time="0.036"/>
  <testcase classname="DataBaseTesting.DataBaseTesting.AppTest" name="Updatedata" time="0.041"/>
  <testcase classname="DataBaseTesting.DataBaseTesting.AppTest" name="ReadData" time="0.065"/>
  <testcase classname="DataBaseTesting.DataBaseTesting.AppTest" name="DeleteData" time="0.011"/>
</testsuite> <!-- DataBaseTesting.DataBaseTesting.AppTest -->
